<?xml version="1.0" encoding="UTF-8"?>
<!-- Generated by org.testng.reporters.JUnitReportReporter -->
<testsuite skipped="5" hostname="murah-X450LCP" name="br.com.murah.audixpress.teste.TesteRisco" tests="6" failures="0" timestamp="20 jun 2018 17:58:30 GMT" time="53.487" errors="1">
  <testcase name="adicionarEmpresa" time="53.487" classname="br.com.murah.audixpress.teste.TesteRisco">
    <error type="org.openqa.selenium.NoSuchElementException" message="Unable to locate element: //div[text()[contains(.,&#039;Administrador&#039;)]]
For documentation on this error, please visit: http://seleniumhq.org/exceptions/no_such_element.html
Build info: version: &#039;3.4.0&#039;, revision: &#039;unknown&#039;, time: &#039;unknown&#039;
System info: host: &#039;murah-X450LCP&#039;, ip: &#039;127.0.1.1&#039;, os.name: &#039;Linux&#039;, os.arch: &#039;amd64&#039;, os.version: &#039;4.13.0-45-generic&#039;, java.version: &#039;1.8.0_112&#039;
Driver info: org.openqa.selenium.firefox.FirefoxDriver
Capabilities [{moz:profile=/tmp/rust_mozprofile.K9cEXM6UscsD, rotatable=false, timeouts={implicit=0.0, pageLoad=300000.0, script=30000.0}, pageLoadStrategy=normal, moz:headless=false, platform=ANY, moz:accessibilityChecks=false, moz:useNonSpecCompliantPointerOrigin=false, acceptInsecureCerts=false, browserVersion=60.0.2, platformVersion=4.13.0-45-generic, moz:processID=10772.0, browserName=firefox, javascriptEnabled=true, platformName=linux, moz:webdriverClick=true}]
Session ID: 8fdb6402-589d-441a-9199-4216b7aa2fef
*** Element info: {Using=xpath, value=//div[text()[contains(.,&#039;Administrador&#039;)]]}">
      <![CDATA[org.openqa.selenium.NoSuchElementException: Unable to locate element: //div[text()[contains(.,'Administrador')]]For documentation on this error, please visit: http://seleniumhq.org/exceptions/no_such_element.htmlBuild info: version: '3.4.0', revision: 'unknown', time: 'unknown'System info: host: 'murah-X450LCP', ip: '127.0.1.1', os.name: 'Linux', os.arch: 'amd64', os.version: '4.13.0-45-generic', java.version: '1.8.0_112'Driver info: org.openqa.selenium.firefox.FirefoxDriverCapabilities [{moz:profile=/tmp/rust_mozprofile.K9cEXM6UscsD, rotatable=false, timeouts={implicit=0.0, pageLoad=300000.0, script=30000.0}, pageLoadStrategy=normal, moz:headless=false, platform=ANY, moz:accessibilityChecks=false, moz:useNonSpecCompliantPointerOrigin=false, acceptInsecureCerts=false, browserVersion=60.0.2, platformVersion=4.13.0-45-generic, moz:processID=10772.0, browserName=firefox, javascriptEnabled=true, platformName=linux, moz:webdriverClick=true}]Session ID: 8fdb6402-589d-441a-9199-4216b7aa2fef*** Element info: {Using=xpath, value=//div[text()[contains(.,'Administrador')]]}at sun.reflect.NativeConstructorAccessorImpl.newInstance0(Native Method)at sun.reflect.NativeConstructorAccessorImpl.newInstance(NativeConstructorAccessorImpl.java:62)at sun.reflect.DelegatingConstructorAccessorImpl.newInstance(DelegatingConstructorAccessorImpl.java:45)at java.lang.reflect.Constructor.newInstance(Constructor.java:423)at org.openqa.selenium.remote.http.W3CHttpResponseCodec.createException(W3CHttpResponseCodec.java:150)at org.openqa.selenium.remote.http.W3CHttpResponseCodec.decode(W3CHttpResponseCodec.java:115)at org.openqa.selenium.remote.http.W3CHttpResponseCodec.decode(W3CHttpResponseCodec.java:45)at org.openqa.selenium.remote.HttpCommandExecutor.execute(HttpCommandExecutor.java:164)at org.openqa.selenium.remote.service.DriverCommandExecutor.execute(DriverCommandExecutor.java:82)at org.openqa.selenium.remote.RemoteWebDriver.execute(RemoteWebDriver.java:637)at org.openqa.selenium.remote.RemoteWebDriver.findElement(RemoteWebDriver.java:410)at org.openqa.selenium.remote.RemoteWebDriver.findElementByXPath(RemoteWebDriver.java:509)at org.openqa.selenium.By$ByXPath.findElement(By.java:361)at org.openqa.selenium.remote.RemoteWebDriver.findElement(RemoteWebDriver.java:402)at br.com.murah.audixpress.core.DriverFactory.moveMouse(DriverFactory.java:49)at br.com.murah.audixpress.page.LoginPage.desLogar(LoginPage.java:45)at br.com.murah.audixpress.teste.TesteRisco.adicionarEmpresa(TesteRisco.java:59)at sun.reflect.NativeMethodAccessorImpl.invoke0(Native Method)at sun.reflect.NativeMethodAccessorImpl.invoke(NativeMethodAccessorImpl.java:62)at sun.reflect.DelegatingMethodAccessorImpl.invoke(DelegatingMethodAccessorImpl.java:43)at java.lang.reflect.Method.invoke(Method.java:498)at org.testng.internal.MethodInvocationHelper.invokeMethod(MethodInvocationHelper.java:124)at org.testng.internal.Invoker.invokeMethod(Invoker.java:571)at org.testng.internal.Invoker.invokeTestMethod(Invoker.java:707)at org.testng.internal.Invoker.invokeTestMethods(Invoker.java:979)at org.testng.internal.TestMethodWorker.invokeTestMethods(TestMethodWorker.java:125)at org.testng.internal.TestMethodWorker.run(TestMethodWorker.java:109)at org.testng.TestRunner.privateRun(TestRunner.java:648)at org.testng.TestRunner.run(TestRunner.java:505)at org.testng.SuiteRunner.runTest(SuiteRunner.java:455)at org.testng.SuiteRunner.runSequentially(SuiteRunner.java:450)at org.testng.SuiteRunner.privateRun(SuiteRunner.java:415)at org.testng.SuiteRunner.run(SuiteRunner.java:364)at org.testng.SuiteRunnerWorker.runSuite(SuiteRunnerWorker.java:52)at org.testng.SuiteRunnerWorker.run(SuiteRunnerWorker.java:84)at org.testng.TestNG.runSuitesSequentially(TestNG.java:1187)at org.testng.TestNG.runSuitesLocally(TestNG.java:1116)at org.testng.TestNG.runSuites(TestNG.java:1028)at org.testng.TestNG.run(TestNG.java:996)at org.testng.remote.AbstractRemoteTestNG.run(AbstractRemoteTestNG.java:132)at org.testng.remote.RemoteTestNG.initAndRun(RemoteTestNG.java:230)at org.testng.remote.RemoteTestNG.main(RemoteTestNG.java:76)]]>
    </error>
  </testcase> <!-- adicionarEmpresa -->
  <testcase name="adicionarControle" classname="br.com.murah.audixpress.teste.TesteRisco">
    <skipped/>
  </testcase> <!-- adicionarControle -->
  <testcase name="adicionarArea" classname="br.com.murah.audixpress.teste.TesteRisco">
    <skipped/>
  </testcase> <!-- adicionarArea -->
  <testcase name="adicionarTeste" classname="br.com.murah.audixpress.teste.TesteRisco">
    <skipped/>
  </testcase> <!-- adicionarTeste -->
  <testcase name="adicionarExeControle" classname="br.com.murah.audixpress.teste.TesteRisco">
    <skipped/>
  </testcase> <!-- adicionarExeControle -->
  <testcase name="adicionarRisco" classname="br.com.murah.audixpress.teste.TesteRisco">
    <skipped/>
  </testcase> <!-- adicionarRisco -->
</testsuite> <!-- br.com.murah.audixpress.teste.TesteRisco -->
